{
  "RSpec": {
    "coverage": {
      "/Users/TimTurvey/Projects/tech-tests/bank-tech-test/spec/account_spec.rb": {
        "lines": [
          1,
          null,
          1,
          null,
          3,
          2,
          2,
          null,
          null,
          1,
          1,
          1,
          1,
          null,
          null,
          null,
          1,
          1,
          1,
          1,
          1,
          null,
          null,
          null,
          1,
          1,
          1,
          1,
          1,
          null,
          null,
          null,
          1,
          1,
          1,
          1,
          1,
          null,
          null,
          null,
          1,
          1,
          1,
          1,
          1,
          null,
          null,
          null
        ]
      },
      "/Users/TimTurvey/Projects/tech-tests/bank-tech-test/lib/account.rb": {
        "lines": [
          1,
          null,
          1,
          null,
          1,
          null,
          1,
          5,
          5,
          5,
          null,
          null,
          1,
          2,
          2,
          null,
          null,
          1,
          2,
          2,
          null,
          null,
          1,
          2,
          2,
          null,
          null,
          1,
          2,
          2,
          null,
          null,
          null
        ]
      },
      "/Users/TimTurvey/Projects/tech-tests/bank-tech-test/spec/transaction_spec.rb": {
        "lines": [
          1,
          1,
          null,
          1,
          null,
          2,
          2,
          null,
          1,
          1,
          1,
          1,
          null,
          null,
          null,
          null,
          null
        ]
      },
      "/Users/TimTurvey/Projects/tech-tests/bank-tech-test/lib/transaction.rb": {
        "lines": [
          1,
          null,
          1,
          5,
          5,
          5,
          5,
          null,
          null,
          1,
          5,
          null,
          null,
          null
        ]
      }
    },
    "timestamp": 1637771106
  }
}
