{
  "RSpec": {
    "coverage": {
      "/Users/TimTurvey/Projects/tech-tests/bank-tech-test/spec/account_spec.rb": {
        "lines": [
          1,
          null,
          1,
          null,
          3,
          2,
          2,
          null,
          null,
          1,
          1,
          1,
          1,
          null,
          null,
          null,
          1,
          1,
          1,
          1,
          1,
          null,
          null,
          null,
          1,
          1,
          1,
          1,
          1,
          null,
          null,
          null,
          1,
          1,
          1,
          1,
          1,
          null,
          null,
          null,
          1,
          1,
          1,
          1,
          1,
          null,
          null,
          null
        ]
      },
      "/Users/TimTurvey/Projects/tech-tests/bank-tech-test/lib/account.rb": {
        "lines": [
          1,
          null,
          1,
          null,
          1,
          null,
          1,
          null,
          1,
          6,
          6,
          6,
          null,
          null,
          1,
          3,
          3,
          null,
          null,
          1,
          3,
          3,
          null,
          null,
          1,
          3,
          3,
          null,
          null,
          1,
          3,
          3,
          null,
          null,
          null
        ]
      },
      "/Users/TimTurvey/Projects/tech-tests/bank-tech-test/lib/transaction.rb": {
        "lines": [
          1,
          null,
          1,
          7,
          7,
          7,
          7,
          null,
          null,
          1,
          7,
          null,
          null,
          null
        ]
      },
      "/Users/TimTurvey/Projects/tech-tests/bank-tech-test/spec/statement_spec.rb": {
        "lines": [
          1,
          1,
          null,
          1,
          1,
          1,
          null,
          0,
          0,
          null,
          null,
          1,
          1,
          1,
          1,
          1,
          1,
          1,
          null,
          null,
          null,
          null
        ]
      },
      "/Users/TimTurvey/Projects/tech-tests/bank-tech-test/lib/statement.rb": {
        "lines": [
          1,
          null,
          1,
          null,
          1,
          null,
          1,
          1,
          null,
          null,
          1,
          1,
          1,
          null,
          null,
          null
        ]
      },
      "/Users/TimTurvey/Projects/tech-tests/bank-tech-test/spec/transaction_spec.rb": {
        "lines": [
          1,
          1,
          null,
          1,
          null,
          2,
          2,
          null,
          1,
          1,
          1,
          1,
          null,
          null,
          null,
          null
        ]
      }
    },
    "timestamp": 1637773180
  }
}
